app/build/intermediates/manifest_merge_blame_file/debug/manifest-merger-blame-debug-report.txt
1<?xml version="1.0" encoding="utf-8"?>
2<manifest xmlns:android="http://schemas.android.com/apk/res/android"
3    package="com.example.hp.groomauto"
4    android:versionCode="1"
5    android:versionName="1.0" >
6
7    <uses-sdk
8        android:minSdkVersion="15"
8-->src\main\AndroidManifest.xml
9        android:targetSdkVersion="27" />
9-->src\main\AndroidManifest.xml
10
11    <uses-permission android:name="android.permission.INTERNET" />
11-->src\main\AndroidManifest.xml:5:5-67
11-->src\main\AndroidManifest.xml:5:22-64
12    <uses-permission android:name="android.permission.ACCESS_COARSE_LOCATION" />
12-->src\main\AndroidManifest.xml:6:5-81
12-->src\main\AndroidManifest.xml:6:22-78
13    <uses-permission android:name="android.permission.ACCESS_FINE_LOCATION" />
13-->src\main\AndroidManifest.xml:7:5-79
13-->src\main\AndroidManifest.xml:7:22-76
14    <uses-permission android:name="com.google.android.providers.gsf.permission.READ_GSERVICES" />
14-->src\main\AndroidManifest.xml:8:5-98
14-->src\main\AndroidManifest.xml:8:22-95
15    <uses-permission android:name="android.permission.WRITE_EXTERNAL_STORAGE" />
15-->src\main\AndroidManifest.xml:9:5-80
15-->src\main\AndroidManifest.xml:9:22-78
16    <uses-permission android:name="android.permission.READ_EXTERNAL_STORAGE" />
16-->src\main\AndroidManifest.xml:10:5-79
16-->src\main\AndroidManifest.xml:10:22-77
17
18    <!-- Include required permissions for Google Maps API to run. -->
19    <uses-permission android:name="android.permission.ACCESS_NETWORK_STATE" />
19-->[com.google.android.gms:play-services-maps:12.0.1] AndroidManifest.xml:23:5-79
19-->[com.google.android.gms:play-services-maps:12.0.1] AndroidManifest.xml:23:22-76
20
21    <uses-feature
21-->[com.google.android.gms:play-services-maps:12.0.1] AndroidManifest.xml:26:5-28:35
22        android:glEsVersion="0x00020000"
22-->[com.google.android.gms:play-services-maps:12.0.1] AndroidManifest.xml:27:9-41
23        android:required="true" />
23-->[com.google.android.gms:play-services-maps:12.0.1] AndroidManifest.xml:28:9-32
24
25    <uses-permission android:name="android.permission.WAKE_LOCK" /> <!-- Required by older versions of Google Play services to create IID tokens -->
25-->[com.google.firebase:firebase-analytics:12.0.1] AndroidManifest.xml:25:5-68
25-->[com.google.firebase:firebase-analytics:12.0.1] AndroidManifest.xml:25:22-65
26    <uses-permission android:name="com.google.android.c2dm.permission.RECEIVE" />
26-->[com.google.firebase:firebase-iid:12.0.1] AndroidManifest.xml:26:5-82
26-->[com.google.firebase:firebase-iid:12.0.1] AndroidManifest.xml:26:22-79
27
28    <permission
28-->[com.google.firebase:firebase-iid:12.0.1] AndroidManifest.xml:28:5-30:47
29        android:name="com.example.hp.groomauto.permission.C2D_MESSAGE"
29-->[com.google.firebase:firebase-iid:12.0.1] AndroidManifest.xml:29:9-63
30        android:protectionLevel="signature" />
30-->[com.google.firebase:firebase-iid:12.0.1] AndroidManifest.xml:30:9-44
31
32    <uses-permission android:name="com.example.hp.groomauto.permission.C2D_MESSAGE" />
32-->[com.google.firebase:firebase-iid:12.0.1] AndroidManifest.xml:32:5-79
32-->[com.google.firebase:firebase-iid:12.0.1] AndroidManifest.xml:32:22-76
33
34    <application
34-->src\main\AndroidManifest.xml:12:5-91:19
35        android:allowBackup="true"
35-->src\main\AndroidManifest.xml:13:9-35
36        android:debuggable="true"
37        android:icon="@drawable/ic_launcher"
37-->src\main\AndroidManifest.xml:14:9-45
38        android:label="@string/app_name"
38-->src\main\AndroidManifest.xml:15:9-41
39        android:roundIcon="@drawable/ic_launcher"
39-->src\main\AndroidManifest.xml:16:9-50
40        android:supportsRtl="true"
40-->src\main\AndroidManifest.xml:17:9-35
41        android:testOnly="true"
42        android:theme="@style/AppTheme.NoActionBar" >
42-->src\main\AndroidManifest.xml:18:9-52
43        <meta-data
43-->src\main\AndroidManifest.xml:20:9-22:55
44            android:name="com.facebook.sdk.ApplicationId"
44-->src\main\AndroidManifest.xml:21:13-58
45            android:value="@string/facebook_app_id" />
45-->src\main\AndroidManifest.xml:22:13-52
46
47        <activity
47-->src\main\AndroidManifest.xml:24:9-27:48
48            android:name="com.facebook.FacebookActivity"
48-->src\main\AndroidManifest.xml:25:13-57
49            android:configChanges="keyboard|keyboardHidden|screenLayout|screenSize|orientation"
49-->src\main\AndroidManifest.xml:26:13-96
50            android:label="@string/app_name"
50-->src\main\AndroidManifest.xml:27:13-45
51            android:theme="@style/com_facebook_activity_theme" />
51-->[com.facebook.android:facebook-common:4.42.0] AndroidManifest.xml:32:13-63
52        <activity
52-->src\main\AndroidManifest.xml:28:9-39:20
53            android:name="com.facebook.CustomTabActivity"
53-->src\main\AndroidManifest.xml:29:13-58
54            android:exported="true" >
54-->src\main\AndroidManifest.xml:30:13-36
55            <intent-filter>
55-->src\main\AndroidManifest.xml:31:13-38:29
56                <action android:name="android.intent.action.VIEW" />
56-->src\main\AndroidManifest.xml:32:17-69
56-->src\main\AndroidManifest.xml:32:25-66
57
58                <category android:name="android.intent.category.DEFAULT" />
58-->src\main\AndroidManifest.xml:34:17-76
58-->src\main\AndroidManifest.xml:34:27-73
59                <category android:name="android.intent.category.BROWSABLE" />
59-->src\main\AndroidManifest.xml:35:17-78
59-->src\main\AndroidManifest.xml:35:27-75
60
61                <data android:scheme="@string/fb_login_protocol_scheme" />
61-->src\main\AndroidManifest.xml:37:17-75
61-->src\main\AndroidManifest.xml:37:23-72
62            </intent-filter>
63        </activity>
64        <activity
64-->src\main\AndroidManifest.xml:40:9-41:47
65            android:name="com.example.hp.groomauto.Activitiy.PaymentSuccess"
65-->src\main\AndroidManifest.xml:40:19-59
66            android:theme="@style/AppTheme" />
66-->src\main\AndroidManifest.xml:41:13-44
67        <activity
67-->src\main\AndroidManifest.xml:42:9-43:47
68            android:name="com.example.hp.groomauto.Activitiy.PayMentGateWay"
68-->src\main\AndroidManifest.xml:42:19-59
69            android:theme="@style/AppTheme" />
69-->src\main\AndroidManifest.xml:43:13-44
70        <activity
70-->src\main\AndroidManifest.xml:44:9-46:47
71            android:name="com.example.hp.groomauto.Activitiy.ServiceActivity"
71-->src\main\AndroidManifest.xml:45:13-54
72            android:theme="@style/AppTheme" />
72-->src\main\AndroidManifest.xml:46:13-44
73        <activity
73-->src\main\AndroidManifest.xml:47:9-49:47
74            android:name="com.example.hp.groomauto.Activitiy.Booking_Preview"
74-->src\main\AndroidManifest.xml:48:13-54
75            android:theme="@style/AppTheme" />
75-->src\main\AndroidManifest.xml:49:13-44
76        <activity
76-->src\main\AndroidManifest.xml:50:9-51:58
77            android:name="com.example.hp.groomauto.Activitiy.Silider_Load"
77-->src\main\AndroidManifest.xml:50:19-57
78            android:theme="@style/AppTheme.NoActionBar" />
78-->src\main\AndroidManifest.xml:51:13-56
79        <activity
79-->src\main\AndroidManifest.xml:52:9-56:20
80            android:name="com.example.hp.groomauto.Activitiy.LoginActivity"
80-->src\main\AndroidManifest.xml:53:13-52
81            android:theme="@style/AppTheme.NoActionBar" >
81-->src\main\AndroidManifest.xml:54:13-56
82        </activity>
83        <activity
83-->src\main\AndroidManifest.xml:57:9-59:59
84            android:name="com.example.hp.groomauto.Activitiy.HomeActivity"
84-->src\main\AndroidManifest.xml:58:13-51
85            android:theme="@style/AppTheme.NoActionBar" />
85-->src\main\AndroidManifest.xml:59:13-56
86        <activity
86-->src\main\AndroidManifest.xml:60:9-62:47
87            android:name="com.example.hp.groomauto.Activitiy.SignUpActivity"
87-->src\main\AndroidManifest.xml:61:13-53
88            android:theme="@style/AppTheme" />
88-->src\main\AndroidManifest.xml:62:13-44
89        <activity
89-->src\main\AndroidManifest.xml:63:9-65:47
90            android:name="com.example.hp.groomauto.Activitiy.EditProfile"
90-->src\main\AndroidManifest.xml:64:13-50
91            android:theme="@style/AppTheme" />
91-->src\main\AndroidManifest.xml:65:13-44
92        <activity
92-->src\main\AndroidManifest.xml:66:9-68:47
93            android:name="com.example.hp.groomauto.Activitiy.ChangePassword"
93-->src\main\AndroidManifest.xml:67:13-53
94            android:theme="@style/AppTheme" />
94-->src\main\AndroidManifest.xml:68:13-44
95        <activity
95-->src\main\AndroidManifest.xml:69:9-71:47
96            android:name="com.example.hp.groomauto.Activitiy.ForgotPasswordActivity"
96-->src\main\AndroidManifest.xml:70:13-61
97            android:theme="@style/AppTheme" />
97-->src\main\AndroidManifest.xml:71:13-44
98        <activity
98-->src\main\AndroidManifest.xml:72:9-74:47
99            android:name="com.example.hp.groomauto.Activitiy.Servicecenter"
99-->src\main\AndroidManifest.xml:73:13-52
100            android:theme="@style/AppTheme" />
100-->src\main\AndroidManifest.xml:74:13-44
101        <activity
101-->src\main\AndroidManifest.xml:76:9-77:46
102            android:name="com.example.hp.groomauto.Activitiy.PDFinvoice"
102-->src\main\AndroidManifest.xml:76:19-55
103            android:theme="@style/AppTheme" />
103-->src\main\AndroidManifest.xml:77:13-44
104        <activity android:name="com.example.hp.groomauto.Activitiy.Groomsplash" >
104-->src\main\AndroidManifest.xml:80:9-85:20
104-->src\main\AndroidManifest.xml:80:19-56
105            <intent-filter>
105-->src\main\AndroidManifest.xml:81:13-84:29
106                <action android:name="android.intent.action.MAIN" />
106-->src\main\AndroidManifest.xml:82:17-69
106-->src\main\AndroidManifest.xml:82:25-66
107
108                <category android:name="android.intent.category.LAUNCHER" />
108-->src\main\AndroidManifest.xml:83:17-77
108-->src\main\AndroidManifest.xml:83:27-74
109            </intent-filter>
110        </activity>
111
112        <meta-data
112-->src\main\AndroidManifest.xml:87:9-89:71
113            android:name="com.google.android.geo.API_KEY"
113-->src\main\AndroidManifest.xml:88:13-58
114            android:value="AIzaSyCEn5q7iTfXFZuJFd33YYxcxOiqe1HCFjc" />
114-->src\main\AndroidManifest.xml:89:13-68
115
116        <activity android:name="com.sasidhar.smaps.payumoney.MakePaymentActivity" />
116-->[com.sasidhar.smaps.payumoney:payumoney:0.0.3] AndroidManifest.xml:12:9-85
116-->[com.sasidhar.smaps.payumoney:payumoney:0.0.3] AndroidManifest.xml:12:19-82
117        <activity
117-->[com.google.android.gms:play-services-auth:12.0.1] AndroidManifest.xml:23:9-27:75
118            android:name="com.google.android.gms.auth.api.signin.internal.SignInHubActivity"
118-->[com.google.android.gms:play-services-auth:12.0.1] AndroidManifest.xml:24:13-93
119            android:excludeFromRecents="true"
119-->[com.google.android.gms:play-services-auth:12.0.1] AndroidManifest.xml:25:13-46
120            android:exported="false"
120-->[com.google.android.gms:play-services-auth:12.0.1] AndroidManifest.xml:26:13-37
121            android:theme="@android:style/Theme.Translucent.NoTitleBar" />
121-->[com.google.android.gms:play-services-auth:12.0.1] AndroidManifest.xml:27:13-72
122        <!--
123            Service handling Google Sign-In user revocation. For apps that do not integrate with
124            Google Sign-In, this service will never be started.
125        -->
126        <service
126-->[com.google.android.gms:play-services-auth:12.0.1] AndroidManifest.xml:33:9-36:110
127            android:name="com.google.android.gms.auth.api.signin.RevocationBoundService"
127-->[com.google.android.gms:play-services-auth:12.0.1] AndroidManifest.xml:34:13-89
128            android:exported="true"
128-->[com.google.android.gms:play-services-auth:12.0.1] AndroidManifest.xml:35:13-36
129            android:permission="com.google.android.gms.auth.api.signin.permission.REVOCATION_NOTIFICATION" />
129-->[com.google.android.gms:play-services-auth:12.0.1] AndroidManifest.xml:36:13-107
130
131        <activity
131-->[com.google.android.gms:play-services-base:12.0.1] AndroidManifest.xml:23:9-26:75
132            android:name="com.google.android.gms.common.api.GoogleApiActivity"
132-->[com.google.android.gms:play-services-base:12.0.1] AndroidManifest.xml:24:13-79
133            android:exported="false"
133-->[com.google.android.gms:play-services-base:12.0.1] AndroidManifest.xml:25:13-37
134            android:theme="@android:style/Theme.Translucent.NoTitleBar" />
134-->[com.google.android.gms:play-services-base:12.0.1] AndroidManifest.xml:26:13-72
135
136        <receiver
136-->[com.google.firebase:firebase-analytics:12.0.1] AndroidManifest.xml:28:9-32:20
137            android:name="com.google.android.gms.measurement.AppMeasurementReceiver"
137-->[com.google.firebase:firebase-analytics:12.0.1] AndroidManifest.xml:29:13-85
138            android:enabled="true"
138-->[com.google.firebase:firebase-analytics:12.0.1] AndroidManifest.xml:30:13-35
139            android:exported="false" >
139-->[com.google.firebase:firebase-analytics:12.0.1] AndroidManifest.xml:31:13-37
140        </receiver>
141        <receiver
141-->[com.google.firebase:firebase-analytics:12.0.1] AndroidManifest.xml:33:9-41:20
142            android:name="com.google.android.gms.measurement.AppMeasurementInstallReferrerReceiver"
142-->[com.google.firebase:firebase-analytics:12.0.1] AndroidManifest.xml:34:13-100
143            android:enabled="true"
143-->[com.google.firebase:firebase-analytics:12.0.1] AndroidManifest.xml:35:13-35
144            android:exported="true"
144-->[com.google.firebase:firebase-analytics:12.0.1] AndroidManifest.xml:36:13-36
145            android:permission="android.permission.INSTALL_PACKAGES" >
145-->[com.google.firebase:firebase-analytics:12.0.1] AndroidManifest.xml:37:13-69
146            <intent-filter>
146-->[com.google.firebase:firebase-analytics:12.0.1] AndroidManifest.xml:38:13-40:29
147                <action android:name="com.android.vending.INSTALL_REFERRER" />
147-->[com.google.firebase:firebase-analytics:12.0.1] AndroidManifest.xml:39:17-79
147-->[com.google.firebase:firebase-analytics:12.0.1] AndroidManifest.xml:39:25-76
148            </intent-filter>
149        </receiver>
150
151        <service
151-->[com.google.firebase:firebase-analytics:12.0.1] AndroidManifest.xml:43:9-46:40
152            android:name="com.google.android.gms.measurement.AppMeasurementService"
152-->[com.google.firebase:firebase-analytics:12.0.1] AndroidManifest.xml:44:13-84
153            android:enabled="true"
153-->[com.google.firebase:firebase-analytics:12.0.1] AndroidManifest.xml:45:13-35
154            android:exported="false" />
154-->[com.google.firebase:firebase-analytics:12.0.1] AndroidManifest.xml:46:13-37
155        <service
155-->[com.google.firebase:firebase-analytics:12.0.1] AndroidManifest.xml:47:9-51:72
156            android:name="com.google.android.gms.measurement.AppMeasurementJobService"
156-->[com.google.firebase:firebase-analytics:12.0.1] AndroidManifest.xml:48:13-87
157            android:enabled="true"
157-->[com.google.firebase:firebase-analytics:12.0.1] AndroidManifest.xml:49:13-35
158            android:exported="false"
158-->[com.google.firebase:firebase-analytics:12.0.1] AndroidManifest.xml:50:13-37
159            android:permission="android.permission.BIND_JOB_SERVICE" />
159-->[com.google.firebase:firebase-analytics:12.0.1] AndroidManifest.xml:51:13-69
160
161        <receiver
161-->[com.google.firebase:firebase-iid:12.0.1] AndroidManifest.xml:35:9-44:20
162            android:name="com.google.firebase.iid.FirebaseInstanceIdReceiver"
162-->[com.google.firebase:firebase-iid:12.0.1] AndroidManifest.xml:36:13-78
163            android:exported="true"
163-->[com.google.firebase:firebase-iid:12.0.1] AndroidManifest.xml:37:13-36
164            android:permission="com.google.android.c2dm.permission.SEND" >
164-->[com.google.firebase:firebase-iid:12.0.1] AndroidManifest.xml:38:13-73
165            <intent-filter>
165-->[com.google.firebase:firebase-iid:12.0.1] AndroidManifest.xml:39:13-43:29
166                <action android:name="com.google.android.c2dm.intent.RECEIVE" />
166-->[com.google.firebase:firebase-iid:12.0.1] AndroidManifest.xml:40:17-81
166-->[com.google.firebase:firebase-iid:12.0.1] AndroidManifest.xml:40:25-78
167
168                <category android:name="com.example.hp.groomauto" />
168-->[com.google.firebase:firebase-iid:12.0.1] AndroidManifest.xml:42:17-61
168-->[com.google.firebase:firebase-iid:12.0.1] AndroidManifest.xml:42:27-58
169            </intent-filter>
170        </receiver>
171        <!--
172             FirebaseInstanceIdService performs security checks at runtime,
173             no need for explicit permissions despite exported="true"
174        -->
175        <service
175-->[com.google.firebase:firebase-iid:12.0.1] AndroidManifest.xml:50:9-56:19
176            android:name="com.google.firebase.iid.FirebaseInstanceIdService"
176-->[com.google.firebase:firebase-iid:12.0.1] AndroidManifest.xml:51:13-77
177            android:exported="true" >
177-->[com.google.firebase:firebase-iid:12.0.1] AndroidManifest.xml:52:13-36
178            <intent-filter android:priority="-500" >
178-->[com.google.firebase:firebase-iid:12.0.1] AndroidManifest.xml:53:13-55:29
178-->[com.google.firebase:firebase-iid:12.0.1] AndroidManifest.xml:53:28-51
179                <action android:name="com.google.firebase.INSTANCE_ID_EVENT" />
179-->[com.google.firebase:firebase-iid:12.0.1] AndroidManifest.xml:54:17-80
179-->[com.google.firebase:firebase-iid:12.0.1] AndroidManifest.xml:54:25-77
180            </intent-filter>
181        </service>
182
183        <provider
183-->[com.google.firebase:firebase-common:12.0.1] AndroidManifest.xml:8:9-12:39
184            android:name="com.google.firebase.provider.FirebaseInitProvider"
184-->[com.google.firebase:firebase-common:12.0.1] AndroidManifest.xml:9:13-77
185            android:authorities="com.example.hp.groomauto.firebaseinitprovider"
185-->[com.google.firebase:firebase-common:12.0.1] AndroidManifest.xml:10:13-72
186            android:exported="false"
186-->[com.google.firebase:firebase-common:12.0.1] AndroidManifest.xml:11:13-37
187            android:initOrder="100" />
187-->[com.google.firebase:firebase-common:12.0.1] AndroidManifest.xml:12:13-36
188
189        <meta-data
189-->[com.google.android.gms:play-services-basement:12.0.1] AndroidManifest.xml:23:9-25:69
190            android:name="com.google.android.gms.version"
190-->[com.google.android.gms:play-services-basement:12.0.1] AndroidManifest.xml:24:13-58
191            android:value="@integer/google_play_services_version" />
191-->[com.google.android.gms:play-services-basement:12.0.1] AndroidManifest.xml:25:13-66
192
193        <activity android:name="com.facebook.CustomTabMainActivity" />
193-->[com.facebook.android:facebook-common:4.42.0] AndroidManifest.xml:33:9-71
193-->[com.facebook.android:facebook-common:4.42.0] AndroidManifest.xml:33:19-68
194        <!--
195         The initialization ContentProvider will call FacebookSdk.sdkInitialize automatically
196         with the application context. This config is merged in with the host app's manifest,
197         but there can only be one provider with the same authority activated at any given
198         point; so if the end user has two or more different apps that use Facebook SDK, only the
199         first one will be able to use the provider. To work around this problem, we use the
200         following placeholder in the authority to identify each host application as if it was
201         a completely different provider.
202        -->
203        <provider
203-->[com.facebook.android:facebook-core:4.42.0] AndroidManifest.xml:39:9-42:40
204            android:name="com.facebook.internal.FacebookInitProvider"
204-->[com.facebook.android:facebook-core:4.42.0] AndroidManifest.xml:40:13-70
205            android:authorities="com.example.hp.groomauto.FacebookInitProvider"
205-->[com.facebook.android:facebook-core:4.42.0] AndroidManifest.xml:41:13-72
206            android:exported="false" />
206-->[com.facebook.android:facebook-core:4.42.0] AndroidManifest.xml:42:13-37
207
208        <receiver
208-->[com.facebook.android:facebook-core:4.42.0] AndroidManifest.xml:44:9-50:20
209            android:name="com.facebook.CurrentAccessTokenExpirationBroadcastReceiver"
209-->[com.facebook.android:facebook-core:4.42.0] AndroidManifest.xml:45:13-86
210            android:exported="false" >
210-->[com.facebook.android:facebook-core:4.42.0] AndroidManifest.xml:46:13-37
211            <intent-filter>
211-->[com.facebook.android:facebook-core:4.42.0] AndroidManifest.xml:47:13-49:29
212                <action android:name="com.facebook.sdk.ACTION_CURRENT_ACCESS_TOKEN_CHANGED" />
212-->[com.facebook.android:facebook-core:4.42.0] AndroidManifest.xml:48:17-95
212-->[com.facebook.android:facebook-core:4.42.0] AndroidManifest.xml:48:25-92
213            </intent-filter>
214        </receiver>
215    </application>
216
217</manifest>